<?xml version="1.0" encoding="UTF-8"?>
<testng-results ignored="0" total="1" passed="1" failed="0" skipped="0">
  <reporter-output>
  </reporter-output>
  <suite started-at="2022-12-05T14:41:53 IST" name="Default suite" finished-at="2022-12-05T14:41:57 IST" duration-ms="3625">
    <groups>
    </groups>
    <test started-at="2022-12-05T14:41:53 IST" name="Default test" finished-at="2022-12-05T14:41:57 IST" duration-ms="3625">
      <class name="Com.Test.TeseCases.TCOfPom_01">
        <test-method is-config="true" signature="openapp()[pri:0, instance:Com.Test.TeseCases.TCOfPom_01@4b45a2f5]" started-at="2022-12-05T14:41:53 IST" name="openapp" finished-at="2022-12-05T14:41:57 IST" duration-ms="3133" status="PASS">
          <reporter-output>
          </reporter-output>
        </test-method> <!-- openapp -->
        <test-method signature="script()[pri:0, instance:Com.Test.TeseCases.TCOfPom_01@4b45a2f5]" started-at="2022-12-05T14:41:57 IST" name="script" finished-at="2022-12-05T14:41:57 IST" duration-ms="422" status="PASS">
          <reporter-output>
          </reporter-output>
        </test-method> <!-- script -->
        <test-method is-config="true" signature="Closeapp(org.testng.ITestResult)[pri:0, instance:Com.Test.TeseCases.TCOfPom_01@4b45a2f5]" started-at="2022-12-05T14:41:57 IST" name="Closeapp" finished-at="2022-12-05T14:41:57 IST" duration-ms="4" status="PASS">
          <params>
            <param index="0">
              <value>
                <![CDATA[[TestResult name=script status=SUCCESS method=TCOfPom_01.script()[pri:0, instance:Com.Test.TeseCases.TCOfPom_01@4b45a2f5] output={null}]]]>
              </value>
            </param>
          </params>
          <reporter-output>
          </reporter-output>
        </test-method> <!-- Closeapp -->
      </class> <!-- Com.Test.TeseCases.TCOfPom_01 -->
    </test> <!-- Default test -->
  </suite> <!-- Default suite -->
</testng-results>
